<?xml version="1.0" encoding="UTF-8"?>
<!-- Generated by org.testng.reporters.JUnitReportReporter -->
<testsuite hostname="DESKTOP-V2CRMJS" name="test.com.CostcoTNG" tests="8" failures="0" timestamp="22 Mar 2019 14:45:12 GMT" time="470.157" errors="0">
  <testcase name="testCostcoTest4" time="77.850" classname="test.com.CostcoTNG"/>
  <testcase name="testCostcoTest3" time="26.523" classname="test.com.CostcoTNG"/>
  <testcase name="testCostcoTest5" time="62.006" classname="test.com.CostcoTNG"/>
  <testcase name="testCostcoLogin1" time="67.950" classname="test.com.CostcoTNG"/>
  <testcase name="testCostcoTest2" time="27.706" classname="test.com.CostcoTNG"/>
  <testcase name="testBrandTestCase8" time="91.124" classname="test.com.CostcoTNG"/>
  <testcase name="testCostcoGrocery7" time="96.759" classname="test.com.CostcoTNG"/>
  <testcase name="testCostcoTest6" time="20.239" classname="test.com.CostcoTNG"/>
</testsuite> <!-- test.com.CostcoTNG -->
